Threads: 1
Array size: 10000000

Bucketing time: 0.865763
Bucket merging time: 0.236748
Sorting buckets time: 0.308767
Rewriting buckets back to array: 0.056665
Total time: 1.568307
Bucket count: 500000
Randoming time: 0.100360
Is sorted: yes
----------
Threads: 2
Array size: 10000000

Bucketing time: 0.454893
Bucket merging time: 0.123028
Sorting buckets time: 0.150362
Rewriting buckets back to array: 0.030395
Total time: 0.806013
Bucket count: 500000
Randoming time: 0.047333
Is sorted: yes
----------
Threads: 3
Array size: 10000000

Bucketing time: 0.350107
Bucket merging time: 0.097118
Sorting buckets time: 0.108073
Rewriting buckets back to array: 0.022321
Total time: 0.610587
Bucket count: 500000
Randoming time: 0.032965
Is sorted: yes
----------
Threads: 4
Array size: 10000000

Bucketing time: 0.282318
Bucket merging time: 0.085260
Sorting buckets time: 0.083919
Rewriting buckets back to array: 0.016894
Total time: 0.494767
Bucket count: 500000
Randoming time: 0.026372
Is sorted: yes
----------
Threads: 5
Array size: 10000000

Bucketing time: 0.263465
Bucket merging time: 0.077594
Sorting buckets time: 0.068532
Rewriting buckets back to array: 0.014903
Total time: 0.445763
Bucket count: 500000
Randoming time: 0.021264
Is sorted: yes
----------
Threads: 6
Array size: 10000000

Bucketing time: 0.218321
Bucket merging time: 0.070844
Sorting buckets time: 0.057158
Rewriting buckets back to array: 0.014377
Total time: 0.378745
Bucket count: 500000
Randoming time: 0.018041
Is sorted: yes
----------
Threads: 7
Array size: 10000000

Bucketing time: 0.214099
Bucket merging time: 0.070816
Sorting buckets time: 0.049037
Rewriting buckets back to array: 0.013438
Total time: 0.363086
Bucket count: 500000
Randoming time: 0.015693
Is sorted: yes
----------
Threads: 8
Array size: 10000000

Bucketing time: 0.187657
Bucket merging time: 0.072508
Sorting buckets time: 0.042861
Rewriting buckets back to array: 0.012275
Total time: 0.328958
Bucket count: 500000
Randoming time: 0.013654
Is sorted: yes
----------
Threads: 9
Array size: 10000000

Bucketing time: 0.193368
Bucket merging time: 0.074908
Sorting buckets time: 0.038190
Rewriting buckets back to array: 0.013428
Total time: 0.332146
Bucket count: 500000
Randoming time: 0.012247
Is sorted: yes
----------
Threads: 10
Array size: 10000000

Bucketing time: 0.174254
Bucket merging time: 0.077277
Sorting buckets time: 0.034350
Rewriting buckets back to array: 0.011516
Total time: 0.308825
Bucket count: 500000
Randoming time: 0.011424
Is sorted: yes
----------
Threads: 11
Array size: 10000000

Bucketing time: 0.176454
Bucket merging time: 0.080746
Sorting buckets time: 0.031624
Rewriting buckets back to array: 0.012423
Total time: 0.311395
Bucket count: 500000
Randoming time: 0.010145
Is sorted: yes
----------
Threads: 12
Array size: 10000000

Bucketing time: 0.171962
Bucket merging time: 0.081183
Sorting buckets time: 0.028799
Rewriting buckets back to array: 0.012275
Total time: 0.303675
Bucket count: 500000
Randoming time: 0.009453
Is sorted: yes
----------
Threads: 1
Array size: 10000000

Bucketing time: 0.871093
Bucket merging time: 0.223492
Sorting buckets time: 0.300394
Rewriting buckets back to array: 0.056871
Total time: 1.548910
Bucket count: 500000
Randoming time: 0.097055
Is sorted: yes
----------
Threads: 2
Array size: 10000000

Bucketing time: 0.446929
Bucket merging time: 0.121262
Sorting buckets time: 0.150669
Rewriting buckets back to array: 0.030025
Total time: 0.796285
Bucket count: 500000
Randoming time: 0.047397
Is sorted: yes
----------
Threads: 3
Array size: 10000000

Bucketing time: 0.347802
Bucket merging time: 0.096290
Sorting buckets time: 0.107758
Rewriting buckets back to array: 0.022457
Total time: 0.607886
Bucket count: 500000
Randoming time: 0.033574
Is sorted: yes
----------
Threads: 4
Array size: 10000000

Bucketing time: 0.282267
Bucket merging time: 0.085443
Sorting buckets time: 0.083672
Rewriting buckets back to array: 0.017053
Total time: 0.494747
Bucket count: 500000
Randoming time: 0.026308
Is sorted: yes
----------
Threads: 5
Array size: 10000000

Bucketing time: 0.258131
Bucket merging time: 0.078600
Sorting buckets time: 0.068710
Rewriting buckets back to array: 0.017493
Total time: 0.444588
Bucket count: 500000
Randoming time: 0.021650
Is sorted: yes
----------
Threads: 6
Array size: 10000000

Bucketing time: 0.216386
Bucket merging time: 0.071704
Sorting buckets time: 0.057217
Rewriting buckets back to array: 0.013484
Total time: 0.376604
Bucket count: 500000
Randoming time: 0.017810
Is sorted: yes
----------
Threads: 7
Array size: 10000000

Bucketing time: 0.209470
Bucket merging time: 0.071367
Sorting buckets time: 0.049073
Rewriting buckets back to array: 0.015204
Total time: 0.360555
Bucket count: 500000
Randoming time: 0.015437
Is sorted: yes
----------
Threads: 8
Array size: 10000000

Bucketing time: 0.186892
Bucket merging time: 0.072089
Sorting buckets time: 0.042872
Rewriting buckets back to array: 0.013148
Total time: 0.328701
Bucket count: 500000
Randoming time: 0.013695
Is sorted: yes
----------
Threads: 9
Array size: 10000000

Bucketing time: 0.187720
Bucket merging time: 0.074932
Sorting buckets time: 0.038135
Rewriting buckets back to array: 0.014302
Total time: 0.327386
Bucket count: 500000
Randoming time: 0.012293
Is sorted: yes
----------
Threads: 10
Array size: 10000000

Bucketing time: 0.175236
Bucket merging time: 0.077071
Sorting buckets time: 0.034415
Rewriting buckets back to array: 0.012279
Total time: 0.310111
Bucket count: 500000
Randoming time: 0.011106
Is sorted: yes
----------
Threads: 11
Array size: 10000000

Bucketing time: 0.178137
Bucket merging time: 0.080808
Sorting buckets time: 0.031617
Rewriting buckets back to array: 0.012004
Total time: 0.312766
Bucket count: 500000
Randoming time: 0.010197
Is sorted: yes
----------
Threads: 12
Array size: 10000000

Bucketing time: 0.172391
Bucket merging time: 0.081397
Sorting buckets time: 0.028842
Rewriting buckets back to array: 0.013249
Total time: 0.305650
Bucket count: 500000
Randoming time: 0.009768
Is sorted: yes
----------
Threads: 1
Array size: 10000000

Bucketing time: 0.869628
Bucket merging time: 0.228763
Sorting buckets time: 0.300630
Rewriting buckets back to array: 0.056923
Total time: 1.552456
Bucket count: 500000
Randoming time: 0.096508
Is sorted: yes
----------
Threads: 2
Array size: 10000000

Bucketing time: 0.452879
Bucket merging time: 0.120912
Sorting buckets time: 0.150874
Rewriting buckets back to array: 0.029997
Total time: 0.801879
Bucket count: 500000
Randoming time: 0.047214
Is sorted: yes
----------
Threads: 3
Array size: 10000000

Bucketing time: 0.348848
Bucket merging time: 0.095563
Sorting buckets time: 0.107572
Rewriting buckets back to array: 0.022170
Total time: 0.607925
Bucket count: 500000
Randoming time: 0.033768
Is sorted: yes
----------
Threads: 4
Array size: 10000000

Bucketing time: 0.282134
Bucket merging time: 0.085118
Sorting buckets time: 0.083478
Rewriting buckets back to array: 0.018505
Total time: 0.495961
Bucket count: 500000
Randoming time: 0.026722
Is sorted: yes
----------
Threads: 5
Array size: 10000000

Bucketing time: 0.262917
Bucket merging time: 0.078177
Sorting buckets time: 0.068258
Rewriting buckets back to array: 0.015354
Total time: 0.445936
Bucket count: 500000
Randoming time: 0.021226
Is sorted: yes
----------
Threads: 6
Array size: 10000000

Bucketing time: 0.215888
Bucket merging time: 0.070939
Sorting buckets time: 0.057194
Rewriting buckets back to array: 0.013526
Total time: 0.375628
Bucket count: 500000
Randoming time: 0.018077
Is sorted: yes
----------
Threads: 7
Array size: 10000000

Bucketing time: 0.213070
Bucket merging time: 0.070023
Sorting buckets time: 0.049246
Rewriting buckets back to array: 0.014878
Total time: 0.362607
Bucket count: 500000
Randoming time: 0.015386
Is sorted: yes
----------
Threads: 8
Array size: 10000000

Bucketing time: 0.189648
Bucket merging time: 0.071830
Sorting buckets time: 0.042874
Rewriting buckets back to array: 0.012619
Total time: 0.330632
Bucket count: 500000
Randoming time: 0.013657
Is sorted: yes
----------
Threads: 9
Array size: 10000000

Bucketing time: 0.190375
Bucket merging time: 0.075497
Sorting buckets time: 0.038151
Rewriting buckets back to array: 0.013349
Total time: 0.329821
Bucket count: 500000
Randoming time: 0.012445
Is sorted: yes
----------
Threads: 10
Array size: 10000000

Bucketing time: 0.175460
Bucket merging time: 0.077014
Sorting buckets time: 0.034397
Rewriting buckets back to array: 0.012949
Total time: 0.311015
Bucket count: 500000
Randoming time: 0.011191
Is sorted: yes
----------
Threads: 11
Array size: 10000000

Bucketing time: 0.176211
Bucket merging time: 0.079537
Sorting buckets time: 0.031406
Rewriting buckets back to array: 0.011932
Total time: 0.309246
Bucket count: 500000
Randoming time: 0.010157
Is sorted: yes
----------
Threads: 12
Array size: 10000000

Bucketing time: 0.172266
Bucket merging time: 0.081085
Sorting buckets time: 0.029009
Rewriting buckets back to array: 0.011894
Total time: 0.303889
Bucket count: 500000
Randoming time: 0.009631
Is sorted: yes
----------
Threads: 1
Array size: 10000000

Bucketing time: 0.869565
Bucket merging time: 0.225408
Sorting buckets time: 0.300264
Rewriting buckets back to array: 0.056955
Total time: 1.545383
Bucket count: 500000
Randoming time: 0.093187
Is sorted: yes
----------
Threads: 2
Array size: 10000000

Bucketing time: 0.447130
Bucket merging time: 0.121290
Sorting buckets time: 0.150574
Rewriting buckets back to array: 0.030027
Total time: 0.795876
Bucket count: 500000
Randoming time: 0.046853
Is sorted: yes
----------
Threads: 3
Array size: 10000000

Bucketing time: 0.348926
Bucket merging time: 0.097239
Sorting buckets time: 0.108204
Rewriting buckets back to array: 0.022896
Total time: 0.610577
Bucket count: 500000
Randoming time: 0.033308
Is sorted: yes
----------
Threads: 4
Array size: 10000000

Bucketing time: 0.281706
Bucket merging time: 0.084819
Sorting buckets time: 0.083349
Rewriting buckets back to array: 0.017818
Total time: 0.494467
Bucket count: 500000
Randoming time: 0.026771
Is sorted: yes
----------
Threads: 5
Array size: 10000000

Bucketing time: 0.259234
Bucket merging time: 0.076919
Sorting buckets time: 0.068261
Rewriting buckets back to array: 0.016351
Total time: 0.442016
Bucket count: 500000
Randoming time: 0.021246
Is sorted: yes
----------
Threads: 6
Array size: 10000000

Bucketing time: 0.216410
Bucket merging time: 0.070611
Sorting buckets time: 0.057173
Rewriting buckets back to array: 0.014663
Total time: 0.376670
Bucket count: 500000
Randoming time: 0.017809
Is sorted: yes
----------
Threads: 7
Array size: 10000000

Bucketing time: 0.213588
Bucket merging time: 0.072452
Sorting buckets time: 0.049603
Rewriting buckets back to array: 0.015503
Total time: 0.366790
Bucket count: 500000
Randoming time: 0.015641
Is sorted: yes
----------
Threads: 8
Array size: 10000000

Bucketing time: 0.187609
Bucket merging time: 0.070891
Sorting buckets time: 0.043090
Rewriting buckets back to array: 0.012674
Total time: 0.327914
Bucket count: 500000
Randoming time: 0.013648
Is sorted: yes
----------
Threads: 9
Array size: 10000000

Bucketing time: 0.193018
Bucket merging time: 0.074823
Sorting buckets time: 0.038398
Rewriting buckets back to array: 0.014722
Total time: 0.333172
Bucket count: 500000
Randoming time: 0.012208
Is sorted: yes
----------
Threads: 10
Array size: 10000000

Bucketing time: 0.172840
Bucket merging time: 0.078308
Sorting buckets time: 0.034357
Rewriting buckets back to array: 0.012693
Total time: 0.309345
Bucket count: 500000
Randoming time: 0.011144
Is sorted: yes
----------
Threads: 11
Array size: 10000000

Bucketing time: 0.176417
Bucket merging time: 0.081800
Sorting buckets time: 0.031438
Rewriting buckets back to array: 0.012405
Total time: 0.312526
Bucket count: 500000
Randoming time: 0.010461
Is sorted: yes
----------
Threads: 12
Array size: 10000000

Bucketing time: 0.170612
Bucket merging time: 0.081348
Sorting buckets time: 0.028813
Rewriting buckets back to array: 0.012629
Total time: 0.302882
Bucket count: 500000
Randoming time: 0.009478
Is sorted: yes
----------
Threads: 1
Array size: 10000000

Bucketing time: 0.852830
Bucket merging time: 0.221727
Sorting buckets time: 0.300353
Rewriting buckets back to array: 0.056347
Total time: 1.524353
Bucket count: 500000
Randoming time: 0.093092
Is sorted: yes
----------
Threads: 2
Array size: 10000000

Bucketing time: 0.466695
Bucket merging time: 0.126684
Sorting buckets time: 0.157217
Rewriting buckets back to array: 0.031110
Total time: 0.831273
Bucket count: 500000
Randoming time: 0.049564
Is sorted: yes
----------
Threads: 3
Array size: 10000000

Bucketing time: 0.360790
Bucket merging time: 0.096754
Sorting buckets time: 0.109676
Rewriting buckets back to array: 0.023362
Total time: 0.625024
Bucket count: 500000
Randoming time: 0.034438
Is sorted: yes
----------
Threads: 4
Array size: 10000000

Bucketing time: 0.279625
Bucket merging time: 0.087154
Sorting buckets time: 0.086137
Rewriting buckets back to array: 0.018053
Total time: 0.497384
Bucket count: 500000
Randoming time: 0.026412
Is sorted: yes
----------
Threads: 5
Array size: 10000000

Bucketing time: 0.255441
Bucket merging time: 0.076730
Sorting buckets time: 0.068624
Rewriting buckets back to array: 0.015012
Total time: 0.436997
Bucket count: 500000
Randoming time: 0.021187
Is sorted: yes
----------
Threads: 6
Array size: 10000000

Bucketing time: 0.217430
Bucket merging time: 0.070375
Sorting buckets time: 0.057395
Rewriting buckets back to array: 0.013999
Total time: 0.376986
Bucket count: 500000
Randoming time: 0.017783
Is sorted: yes
----------
Threads: 7
Array size: 10000000

Bucketing time: 0.212271
Bucket merging time: 0.071918
Sorting buckets time: 0.049076
Rewriting buckets back to array: 0.015156
Total time: 0.363910
Bucket count: 500000
Randoming time: 0.015486
Is sorted: yes
----------
Threads: 8
Array size: 10000000

Bucketing time: 0.186670
Bucket merging time: 0.071250
Sorting buckets time: 0.042840
Rewriting buckets back to array: 0.012595
Total time: 0.327395
Bucket count: 500000
Randoming time: 0.014036
Is sorted: yes
----------
Threads: 9
Array size: 10000000

Bucketing time: 0.186950
Bucket merging time: 0.074352
Sorting buckets time: 0.038158
Rewriting buckets back to array: 0.013426
Total time: 0.325213
Bucket count: 500000
Randoming time: 0.012324
Is sorted: yes
----------
Threads: 10
Array size: 10000000

Bucketing time: 0.176783
Bucket merging time: 0.077041
Sorting buckets time: 0.034577
Rewriting buckets back to array: 0.011739
Total time: 0.311322
Bucket count: 500000
Randoming time: 0.011178
Is sorted: yes
----------
Threads: 11
Array size: 10000000

Bucketing time: 0.178963
Bucket merging time: 0.080700
Sorting buckets time: 0.031427
Rewriting buckets back to array: 0.013053
Total time: 0.314338
Bucket count: 500000
Randoming time: 0.010191
Is sorted: yes
----------
Threads: 12
Array size: 10000000

Bucketing time: 0.172361
Bucket merging time: 0.081541
Sorting buckets time: 0.028794
Rewriting buckets back to array: 0.012222
Total time: 0.304577
Bucket count: 500000
Randoming time: 0.009655
Is sorted: yes
----------
Threads: 1
Array size: 10000000

Bucketing time: 0.869743
Bucket merging time: 0.224222
Sorting buckets time: 0.300175
Rewriting buckets back to array: 0.057189
Total time: 1.545160
Bucket count: 500000
Randoming time: 0.093826
Is sorted: yes
----------
Threads: 2
Array size: 10000000

Bucketing time: 0.451196
Bucket merging time: 0.122465
Sorting buckets time: 0.151091
Rewriting buckets back to array: 0.030454
Total time: 0.802978
Bucket count: 500000
Randoming time: 0.047768
Is sorted: yes
----------
Threads: 3
Array size: 10000000

Bucketing time: 0.348059
Bucket merging time: 0.096367
Sorting buckets time: 0.108057
Rewriting buckets back to array: 0.022158
Total time: 0.608211
Bucket count: 500000
Randoming time: 0.033565
Is sorted: yes
----------
Threads: 4
Array size: 10000000

Bucketing time: 0.283497
Bucket merging time: 0.086015
Sorting buckets time: 0.084182
Rewriting buckets back to array: 0.016632
Total time: 0.496869
Bucket count: 500000
Randoming time: 0.026539
Is sorted: yes
----------
Threads: 5
Array size: 10000000

Bucketing time: 0.257760
Bucket merging time: 0.078741
Sorting buckets time: 0.068678
Rewriting buckets back to array: 0.017730
Total time: 0.444103
Bucket count: 500000
Randoming time: 0.021191
Is sorted: yes
----------
Threads: 6
Array size: 10000000

Bucketing time: 0.216019
Bucket merging time: 0.070045
Sorting buckets time: 0.057157
Rewriting buckets back to array: 0.014625
Total time: 0.375715
Bucket count: 500000
Randoming time: 0.017865
Is sorted: yes
----------
Threads: 7
Array size: 10000000

Bucketing time: 0.209247
Bucket merging time: 0.072100
Sorting buckets time: 0.049069
Rewriting buckets back to array: 0.016287
Total time: 0.362101
Bucket count: 500000
Randoming time: 0.015393
Is sorted: yes
----------
Threads: 8
Array size: 10000000

Bucketing time: 0.188048
Bucket merging time: 0.072767
Sorting buckets time: 0.042946
Rewriting buckets back to array: 0.012410
Total time: 0.329903
Bucket count: 500000
Randoming time: 0.013728
Is sorted: yes
----------
Threads: 9
Array size: 10000000

Bucketing time: 0.192311
Bucket merging time: 0.076092
Sorting buckets time: 0.038215
Rewriting buckets back to array: 0.012823
Total time: 0.332095
Bucket count: 500000
Randoming time: 0.012650
Is sorted: yes
----------
Threads: 10
Array size: 10000000

Bucketing time: 0.175279
Bucket merging time: 0.077260
Sorting buckets time: 0.034375
Rewriting buckets back to array: 0.012778
Total time: 0.310879
Bucket count: 500000
Randoming time: 0.011182
Is sorted: yes
----------
Threads: 11
Array size: 10000000

Bucketing time: 0.180245
Bucket merging time: 0.081258
Sorting buckets time: 0.031654
Rewriting buckets back to array: 0.012620
Total time: 0.316120
Bucket count: 500000
Randoming time: 0.010339
Is sorted: yes
----------
Threads: 12
Array size: 10000000

Bucketing time: 0.172763
Bucket merging time: 0.081288
Sorting buckets time: 0.028822
Rewriting buckets back to array: 0.012005
Total time: 0.304542
Bucket count: 500000
Randoming time: 0.009660
Is sorted: yes
----------
Threads: 1
Array size: 10000000

Bucketing time: 0.871411
Bucket merging time: 0.224281
Sorting buckets time: 0.301059
Rewriting buckets back to array: 0.057214
Total time: 1.547861
Bucket count: 500000
Randoming time: 0.093892
Is sorted: yes
----------
Threads: 2
Array size: 10000000

Bucketing time: 0.450498
Bucket merging time: 0.121254
Sorting buckets time: 0.152847
Rewriting buckets back to array: 0.030914
Total time: 0.804798
Bucket count: 500000
Randoming time: 0.049282
Is sorted: yes
----------
Threads: 3
Array size: 10000000

Bucketing time: 0.349801
Bucket merging time: 0.096398
Sorting buckets time: 0.108158
Rewriting buckets back to array: 0.021431
Total time: 0.610108
Bucket count: 500000
Randoming time: 0.034317
Is sorted: yes
----------
Threads: 4
Array size: 10000000

Bucketing time: 0.285538
Bucket merging time: 0.085560
Sorting buckets time: 0.083857
Rewriting buckets back to array: 0.017458
Total time: 0.499164
Bucket count: 500000
Randoming time: 0.026748
Is sorted: yes
----------
Threads: 5
Array size: 10000000

Bucketing time: 0.260171
Bucket merging time: 0.078051
Sorting buckets time: 0.068615
Rewriting buckets back to array: 0.015575
Total time: 0.443644
Bucket count: 500000
Randoming time: 0.021227
Is sorted: yes
----------
Threads: 6
Array size: 10000000

Bucketing time: 0.216588
Bucket merging time: 0.070902
Sorting buckets time: 0.057225
Rewriting buckets back to array: 0.013501
Total time: 0.376252
Bucket count: 500000
Randoming time: 0.018034
Is sorted: yes
----------
Threads: 7
Array size: 10000000

Bucketing time: 0.208938
Bucket merging time: 0.071284
Sorting buckets time: 0.049053
Rewriting buckets back to array: 0.016163
Total time: 0.360856
Bucket count: 500000
Randoming time: 0.015414
Is sorted: yes
----------
Threads: 8
Array size: 10000000

Bucketing time: 0.188340
Bucket merging time: 0.071353
Sorting buckets time: 0.042857
Rewriting buckets back to array: 0.013196
Total time: 0.329428
Bucket count: 500000
Randoming time: 0.013679
Is sorted: yes
----------
Threads: 9
Array size: 10000000

Bucketing time: 0.191692
Bucket merging time: 0.074410
Sorting buckets time: 0.038093
Rewriting buckets back to array: 0.014200
Total time: 0.330722
Bucket count: 500000
Randoming time: 0.012322
Is sorted: yes
----------
Threads: 10
Array size: 10000000

Bucketing time: 0.173344
Bucket merging time: 0.076385
Sorting buckets time: 0.034395
Rewriting buckets back to array: 0.012470
Total time: 0.307804
Bucket count: 500000
Randoming time: 0.011206
Is sorted: yes
----------
Threads: 11
Array size: 10000000

Bucketing time: 0.173295
Bucket merging time: 0.081016
Sorting buckets time: 0.031413
Rewriting buckets back to array: 0.012846
Total time: 0.309178
Bucket count: 500000
Randoming time: 0.010605
Is sorted: yes
----------
Threads: 12
Array size: 10000000

Bucketing time: 0.170489
Bucket merging time: 0.081726
Sorting buckets time: 0.029073
Rewriting buckets back to array: 0.012543
Total time: 0.303448
Bucket count: 500000
Randoming time: 0.009614
Is sorted: yes
----------
Threads: 1
Array size: 10000000

Bucketing time: 0.851569
Bucket merging time: 0.221418
Sorting buckets time: 0.300354
Rewriting buckets back to array: 0.056631
Total time: 1.525601
Bucket count: 500000
Randoming time: 0.095626
Is sorted: yes
----------
Threads: 2
Array size: 10000000

Bucketing time: 0.459137
Bucket merging time: 0.123554
Sorting buckets time: 0.151304
Rewriting buckets back to array: 0.030264
Total time: 0.811827
Bucket count: 500000
Randoming time: 0.047564
Is sorted: yes
----------
Threads: 3
Array size: 10000000

Bucketing time: 0.350064
Bucket merging time: 0.097528
Sorting buckets time: 0.107997
Rewriting buckets back to array: 0.022093
Total time: 0.611310
Bucket count: 500000
Randoming time: 0.033624
Is sorted: yes
----------
Threads: 4
Array size: 10000000

Bucketing time: 0.280688
Bucket merging time: 0.085133
Sorting buckets time: 0.083391
Rewriting buckets back to array: 0.017415
Total time: 0.493103
Bucket count: 500000
Randoming time: 0.026472
Is sorted: yes
----------
Threads: 5
Array size: 10000000

Bucketing time: 0.258053
Bucket merging time: 0.076504
Sorting buckets time: 0.068432
Rewriting buckets back to array: 0.016414
Total time: 0.440593
Bucket count: 500000
Randoming time: 0.021187
Is sorted: yes
----------
Threads: 6
Array size: 10000000

Bucketing time: 0.216164
Bucket merging time: 0.070550
Sorting buckets time: 0.057236
Rewriting buckets back to array: 0.014351
Total time: 0.376351
Bucket count: 500000
Randoming time: 0.018046
Is sorted: yes
----------
Threads: 7
Array size: 10000000

Bucketing time: 0.209517
Bucket merging time: 0.074348
Sorting buckets time: 0.049102
Rewriting buckets back to array: 0.014533
Total time: 0.363162
Bucket count: 500000
Randoming time: 0.015658
Is sorted: yes
----------
Threads: 8
Array size: 10000000

Bucketing time: 0.188559
Bucket merging time: 0.072111
Sorting buckets time: 0.042878
Rewriting buckets back to array: 0.013992
Total time: 0.331202
Bucket count: 500000
Randoming time: 0.013658
Is sorted: yes
----------
Threads: 9
Array size: 10000000

Bucketing time: 0.193174
Bucket merging time: 0.075642
Sorting buckets time: 0.038154
Rewriting buckets back to array: 0.013192
Total time: 0.332589
Bucket count: 500000
Randoming time: 0.012423
Is sorted: yes
----------
Threads: 10
Array size: 10000000

Bucketing time: 0.174285
Bucket merging time: 0.077228
Sorting buckets time: 0.034396
Rewriting buckets back to array: 0.011204
Total time: 0.308269
Bucket count: 500000
Randoming time: 0.011152
Is sorted: yes
----------
Threads: 11
Array size: 10000000

Bucketing time: 0.175554
Bucket merging time: 0.080342
Sorting buckets time: 0.031403
Rewriting buckets back to array: 0.012933
Total time: 0.310575
Bucket count: 500000
Randoming time: 0.010338
Is sorted: yes
----------
Threads: 12
Array size: 10000000

Bucketing time: 0.172916
Bucket merging time: 0.080836
Sorting buckets time: 0.029031
Rewriting buckets back to array: 0.011854
Total time: 0.304431
Bucket count: 500000
Randoming time: 0.009791
Is sorted: yes
----------
Threads: 1
Array size: 10000000

Bucketing time: 0.870725
Bucket merging time: 0.224729
Sorting buckets time: 0.300322
Rewriting buckets back to array: 0.058778
Total time: 1.548409
Bucket count: 500000
Randoming time: 0.093850
Is sorted: yes
----------
Threads: 2
Array size: 10000000

Bucketing time: 0.454656
Bucket merging time: 0.121477
Sorting buckets time: 0.151130
Rewriting buckets back to array: 0.029105
Total time: 0.807292
Bucket count: 500000
Randoming time: 0.050920
Is sorted: yes
----------
Threads: 3
Array size: 10000000

Bucketing time: 0.347659
Bucket merging time: 0.096486
Sorting buckets time: 0.108103
Rewriting buckets back to array: 0.022119
Total time: 0.608124
Bucket count: 500000
Randoming time: 0.033753
Is sorted: yes
----------
Threads: 4
Array size: 10000000

Bucketing time: 0.284191
Bucket merging time: 0.085795
Sorting buckets time: 0.083888
Rewriting buckets back to array: 0.018351
Total time: 0.498493
Bucket count: 500000
Randoming time: 0.026265
Is sorted: yes
----------
Threads: 5
Array size: 10000000

Bucketing time: 0.260663
Bucket merging time: 0.077222
Sorting buckets time: 0.068332
Rewriting buckets back to array: 0.017251
Total time: 0.444823
Bucket count: 500000
Randoming time: 0.021351
Is sorted: yes
----------
Threads: 6
Array size: 10000000

Bucketing time: 0.216938
Bucket merging time: 0.071651
Sorting buckets time: 0.057417
Rewriting buckets back to array: 0.013870
Total time: 0.377858
Bucket count: 500000
Randoming time: 0.017978
Is sorted: yes
----------
Threads: 7
Array size: 10000000

Bucketing time: 0.211080
Bucket merging time: 0.070217
Sorting buckets time: 0.049285
Rewriting buckets back to array: 0.014857
Total time: 0.360970
Bucket count: 500000
Randoming time: 0.015527
Is sorted: yes
----------
Threads: 8
Array size: 10000000

Bucketing time: 0.191337
Bucket merging time: 0.071394
Sorting buckets time: 0.043140
Rewriting buckets back to array: 0.013586
Total time: 0.332992
Bucket count: 500000
Randoming time: 0.013531
Is sorted: yes
----------
Threads: 9
Array size: 10000000

Bucketing time: 0.193126
Bucket merging time: 0.074179
Sorting buckets time: 0.038348
Rewriting buckets back to array: 0.014331
Total time: 0.332204
Bucket count: 500000
Randoming time: 0.012216
Is sorted: yes
----------
Threads: 10
Array size: 10000000

Bucketing time: 0.174019
Bucket merging time: 0.077019
Sorting buckets time: 0.034428
Rewriting buckets back to array: 0.013805
Total time: 0.310489
Bucket count: 500000
Randoming time: 0.011214
Is sorted: yes
----------
Threads: 11
Array size: 10000000

Bucketing time: 0.172494
Bucket merging time: 0.079994
Sorting buckets time: 0.031450
Rewriting buckets back to array: 0.012402
Total time: 0.306653
Bucket count: 500000
Randoming time: 0.010309
Is sorted: yes
----------
Threads: 12
Array size: 10000000

Bucketing time: 0.170150
Bucket merging time: 0.081102
Sorting buckets time: 0.028846
Rewriting buckets back to array: 0.012677
Total time: 0.302266
Bucket count: 500000
Randoming time: 0.009487
Is sorted: yes
----------
Threads: 1
Array size: 10000000

Bucketing time: 0.854671
Bucket merging time: 0.221930
Sorting buckets time: 0.300241
Rewriting buckets back to array: 0.056960
Total time: 1.526727
Bucket count: 500000
Randoming time: 0.092920
Is sorted: yes
----------
Threads: 2
Array size: 10000000

Bucketing time: 0.456455
Bucket merging time: 0.123066
Sorting buckets time: 0.151148
Rewriting buckets back to array: 0.030172
Total time: 0.808141
Bucket count: 500000
Randoming time: 0.047297
Is sorted: yes
----------
Threads: 3
Array size: 10000000

Bucketing time: 0.351298
Bucket merging time: 0.096121
Sorting buckets time: 0.107839
Rewriting buckets back to array: 0.021992
Total time: 0.610722
Bucket count: 500000
Randoming time: 0.033468
Is sorted: yes
----------
Threads: 4
Array size: 10000000

Bucketing time: 0.281347
Bucket merging time: 0.087480
Sorting buckets time: 0.084380
Rewriting buckets back to array: 0.017289
Total time: 0.496846
Bucket count: 500000
Randoming time: 0.026346
Is sorted: yes
----------
Threads: 5
Array size: 10000000

Bucketing time: 0.260574
Bucket merging time: 0.078146
Sorting buckets time: 0.068303
Rewriting buckets back to array: 0.015707
Total time: 0.444062
Bucket count: 500000
Randoming time: 0.021327
Is sorted: yes
----------
Threads: 6
Array size: 10000000

Bucketing time: 0.217139
Bucket merging time: 0.073618
Sorting buckets time: 0.057379
Rewriting buckets back to array: 0.014014
Total time: 0.380030
Bucket count: 500000
Randoming time: 0.017875
Is sorted: yes
----------
Threads: 7
Array size: 10000000

Bucketing time: 0.209805
Bucket merging time: 0.070149
Sorting buckets time: 0.049299
Rewriting buckets back to array: 0.016164
Total time: 0.360893
Bucket count: 500000
Randoming time: 0.015472
Is sorted: yes
----------
Threads: 8
Array size: 10000000

Bucketing time: 0.190038
Bucket merging time: 0.072607
Sorting buckets time: 0.042798
Rewriting buckets back to array: 0.014222
Total time: 0.333367
Bucket count: 500000
Randoming time: 0.013698
Is sorted: yes
----------
Threads: 9
Array size: 10000000

Bucketing time: 0.193911
Bucket merging time: 0.074821
Sorting buckets time: 0.038229
Rewriting buckets back to array: 0.011983
Total time: 0.331246
Bucket count: 500000
Randoming time: 0.012298
Is sorted: yes
----------
Threads: 10
Array size: 10000000

Bucketing time: 0.175286
Bucket merging time: 0.077701
Sorting buckets time: 0.034630
Rewriting buckets back to array: 0.012682
Total time: 0.311574
Bucket count: 500000
Randoming time: 0.011271
Is sorted: yes
----------
Threads: 11
Array size: 10000000

Bucketing time: 0.176059
Bucket merging time: 0.079888
Sorting buckets time: 0.031406
Rewriting buckets back to array: 0.012793
Total time: 0.310500
Bucket count: 500000
Randoming time: 0.010350
Is sorted: yes
----------
Threads: 12
Array size: 10000000

Bucketing time: 0.173134
Bucket merging time: 0.081134
Sorting buckets time: 0.028859
Rewriting buckets back to array: 0.013278
Total time: 0.305910
Bucket count: 500000
Randoming time: 0.009501
Is sorted: yes
----------
Threads: 1
Array size: 10000000

Bucketing time: 0.871153
Bucket merging time: 0.224541
Sorting buckets time: 0.300578
Rewriting buckets back to array: 0.057321
Total time: 1.548578
Bucket count: 500000
Randoming time: 0.094981
Is sorted: yes
----------
Threads: 2
Array size: 10000000

Bucketing time: 0.452216
Bucket merging time: 0.125133
Sorting buckets time: 0.154357
Rewriting buckets back to array: 0.030496
Total time: 0.816735
Bucket count: 500000
Randoming time: 0.054530
Is sorted: yes
----------
Threads: 3
Array size: 10000000

Bucketing time: 0.348542
Bucket merging time: 0.096380
Sorting buckets time: 0.107809
Rewriting buckets back to array: 0.023024
Total time: 0.609301
Bucket count: 500000
Randoming time: 0.033543
Is sorted: yes
----------
Threads: 4
Array size: 10000000

Bucketing time: 0.282166
Bucket merging time: 0.085460
Sorting buckets time: 0.085053
Rewriting buckets back to array: 0.017750
Total time: 0.496885
Bucket count: 500000
Randoming time: 0.026453
Is sorted: yes
----------
Threads: 5
Array size: 10000000

Bucketing time: 0.255556
Bucket merging time: 0.077879
Sorting buckets time: 0.068402
Rewriting buckets back to array: 0.015061
Total time: 0.438316
Bucket count: 500000
Randoming time: 0.021414
Is sorted: yes
----------
Threads: 6
Array size: 10000000

Bucketing time: 0.218169
Bucket merging time: 0.071150
Sorting buckets time: 0.057170
Rewriting buckets back to array: 0.012714
Total time: 0.377218
Bucket count: 500000
Randoming time: 0.018012
Is sorted: yes
----------
Threads: 7
Array size: 10000000

Bucketing time: 0.216761
Bucket merging time: 0.072389
Sorting buckets time: 0.049124
Rewriting buckets back to array: 0.013387
Total time: 0.367480
Bucket count: 500000
Randoming time: 0.015816
Is sorted: yes
----------
Threads: 8
Array size: 10000000

Bucketing time: 0.188221
Bucket merging time: 0.072555
Sorting buckets time: 0.042898
Rewriting buckets back to array: 0.012934
Total time: 0.330315
Bucket count: 500000
Randoming time: 0.013701
Is sorted: yes
----------
Threads: 9
Array size: 10000000

Bucketing time: 0.192830
Bucket merging time: 0.074184
Sorting buckets time: 0.038167
Rewriting buckets back to array: 0.014318
Total time: 0.332283
Bucket count: 500000
Randoming time: 0.012780
Is sorted: yes
----------
Threads: 10
Array size: 10000000

Bucketing time: 0.173158
Bucket merging time: 0.077583
Sorting buckets time: 0.034435
Rewriting buckets back to array: 0.012265
Total time: 0.308588
Bucket count: 500000
Randoming time: 0.011143
Is sorted: yes
----------
Threads: 11
Array size: 10000000

Bucketing time: 0.172860
Bucket merging time: 0.080126
Sorting buckets time: 0.031647
Rewriting buckets back to array: 0.012382
Total time: 0.307306
Bucket count: 500000
Randoming time: 0.010288
Is sorted: yes
----------
Threads: 12
Array size: 10000000

Bucketing time: 0.170739
Bucket merging time: 0.081726
Sorting buckets time: 0.028880
Rewriting buckets back to array: 0.012086
Total time: 0.303097
Bucket count: 500000
Randoming time: 0.009662
Is sorted: yes
----------
Threads: 1
Array size: 10000000

Bucketing time: 0.853297
Bucket merging time: 0.222295
Sorting buckets time: 0.300273
Rewriting buckets back to array: 0.056349
Total time: 1.525202
Bucket count: 500000
Randoming time: 0.092984
Is sorted: yes
----------
Threads: 2
Array size: 10000000

Bucketing time: 0.462061
Bucket merging time: 0.122391
Sorting buckets time: 0.154212
Rewriting buckets back to array: 0.029375
Total time: 0.817350
Bucket count: 500000
Randoming time: 0.049308
Is sorted: yes
----------
Threads: 3
Array size: 10000000

Bucketing time: 0.350464
Bucket merging time: 0.096042
Sorting buckets time: 0.107983
Rewriting buckets back to array: 0.022842
Total time: 0.610690
Bucket count: 500000
Randoming time: 0.033356
Is sorted: yes
----------
Threads: 4
Array size: 10000000

Bucketing time: 0.283435
Bucket merging time: 0.085422
Sorting buckets time: 0.083857
Rewriting buckets back to array: 0.017503
Total time: 0.496497
Bucket count: 500000
Randoming time: 0.026276
Is sorted: yes
----------
Threads: 5
Array size: 10000000

Bucketing time: 0.260537
Bucket merging time: 0.078189
Sorting buckets time: 0.068597
Rewriting buckets back to array: 0.017680
Total time: 0.446349
Bucket count: 500000
Randoming time: 0.021342
Is sorted: yes
----------
Threads: 6
Array size: 10000000

Bucketing time: 0.217984
Bucket merging time: 0.070965
Sorting buckets time: 0.057213
Rewriting buckets back to array: 0.015725
Total time: 0.379837
Bucket count: 500000
Randoming time: 0.017946
Is sorted: yes
----------
Threads: 7
Array size: 10000000

Bucketing time: 0.211416
Bucket merging time: 0.070675
Sorting buckets time: 0.049081
Rewriting buckets back to array: 0.014177
Total time: 0.360808
Bucket count: 500000
Randoming time: 0.015455
Is sorted: yes
----------
Threads: 8
Array size: 10000000

Bucketing time: 0.190878
Bucket merging time: 0.071641
Sorting buckets time: 0.042879
Rewriting buckets back to array: 0.012733
Total time: 0.331771
Bucket count: 500000
Randoming time: 0.013636
Is sorted: yes
----------
Threads: 9
Array size: 10000000

Bucketing time: 0.193922
Bucket merging time: 0.075687
Sorting buckets time: 0.038167
Rewriting buckets back to array: 0.013512
Total time: 0.333536
Bucket count: 500000
Randoming time: 0.012245
Is sorted: yes
----------
Threads: 10
Array size: 10000000

Bucketing time: 0.175762
Bucket merging time: 0.076828
Sorting buckets time: 0.034394
Rewriting buckets back to array: 0.013191
Total time: 0.311341
Bucket count: 500000
Randoming time: 0.011160
Is sorted: yes
----------
Threads: 11
Array size: 10000000

Bucketing time: 0.174613
Bucket merging time: 0.079728
Sorting buckets time: 0.031456
Rewriting buckets back to array: 0.012691
Total time: 0.308756
Bucket count: 500000
Randoming time: 0.010265
Is sorted: yes
----------
Threads: 12
Array size: 10000000

Bucketing time: 0.174689
Bucket merging time: 0.081175
Sorting buckets time: 0.029077
Rewriting buckets back to array: 0.012155
Total time: 0.307025
Bucket count: 500000
Randoming time: 0.009925
Is sorted: yes
----------
Threads: 1
Array size: 10000000

Bucketing time: 0.870907
Bucket merging time: 0.224938
Sorting buckets time: 0.300524
Rewriting buckets back to array: 0.057112
Total time: 1.547504
Bucket count: 500000
Randoming time: 0.094019
Is sorted: yes
----------
Threads: 2
Array size: 10000000

Bucketing time: 0.452320
Bucket merging time: 0.121869
Sorting buckets time: 0.152843
Rewriting buckets back to array: 0.029897
Total time: 0.804445
Bucket count: 500000
Randoming time: 0.047513
Is sorted: yes
----------
Threads: 3
Array size: 10000000

Bucketing time: 0.351758
Bucket merging time: 0.096566
Sorting buckets time: 0.107701
Rewriting buckets back to array: 0.021836
Total time: 0.611415
Bucket count: 500000
Randoming time: 0.033550
Is sorted: yes
----------
Threads: 4
Array size: 10000000

Bucketing time: 0.286027
Bucket merging time: 0.086080
Sorting buckets time: 0.083813
Rewriting buckets back to array: 0.017563
Total time: 0.499890
Bucket count: 500000
Randoming time: 0.026404
Is sorted: yes
----------
Threads: 5
Array size: 10000000

Bucketing time: 0.260877
Bucket merging time: 0.077340
Sorting buckets time: 0.068284
Rewriting buckets back to array: 0.017538
Total time: 0.445311
Bucket count: 500000
Randoming time: 0.021267
Is sorted: yes
----------
Threads: 6
Array size: 10000000

Bucketing time: 0.216875
Bucket merging time: 0.070259
Sorting buckets time: 0.057397
Rewriting buckets back to array: 0.013717
Total time: 0.376014
Bucket count: 500000
Randoming time: 0.017760
Is sorted: yes
----------
Threads: 7
Array size: 10000000

Bucketing time: 0.210240
Bucket merging time: 0.070436
Sorting buckets time: 0.049285
Rewriting buckets back to array: 0.014230
Total time: 0.361481
Bucket count: 500000
Randoming time: 0.017287
Is sorted: yes
----------
Threads: 8
Array size: 10000000

Bucketing time: 0.190860
Bucket merging time: 0.072238
Sorting buckets time: 0.043127
Rewriting buckets back to array: 0.014571
Total time: 0.334418
Bucket count: 500000
Randoming time: 0.013617
Is sorted: yes
----------
Threads: 9
Array size: 10000000

Bucketing time: 0.190878
Bucket merging time: 0.074676
Sorting buckets time: 0.038370
Rewriting buckets back to array: 0.014416
Total time: 0.330648
Bucket count: 500000
Randoming time: 0.012306
Is sorted: yes
----------
Threads: 10
Array size: 10000000

Bucketing time: 0.175265
Bucket merging time: 0.077733
Sorting buckets time: 0.034426
Rewriting buckets back to array: 0.012768
Total time: 0.311343
Bucket count: 500000
Randoming time: 0.011147
Is sorted: yes
----------
Threads: 11
Array size: 10000000

Bucketing time: 0.178094
Bucket merging time: 0.080944
Sorting buckets time: 0.031436
Rewriting buckets back to array: 0.012085
Total time: 0.312972
Bucket count: 500000
Randoming time: 0.010409
Is sorted: yes
----------
Threads: 12
Array size: 10000000

Bucketing time: 0.171807
Bucket merging time: 0.081495
Sorting buckets time: 0.028823
Rewriting buckets back to array: 0.013311
Total time: 0.305076
Bucket count: 500000
Randoming time: 0.009635
Is sorted: yes
----------
Threads: 1
Array size: 10000000

Bucketing time: 0.869242
Bucket merging time: 0.224951
Sorting buckets time: 0.300141
Rewriting buckets back to array: 0.057146
Total time: 1.544672
Bucket count: 500000
Randoming time: 0.093189
Is sorted: yes
----------
Threads: 2
Array size: 10000000

Bucketing time: 0.447678
Bucket merging time: 0.120430
Sorting buckets time: 0.150237
Rewriting buckets back to array: 0.029987
Total time: 0.795442
Bucket count: 500000
Randoming time: 0.047107
Is sorted: yes
----------
Threads: 3
Array size: 10000000

Bucketing time: 0.347154
Bucket merging time: 0.095726
Sorting buckets time: 0.107326
Rewriting buckets back to array: 0.022249
Total time: 0.605878
Bucket count: 500000
Randoming time: 0.033420
Is sorted: yes
----------
Threads: 4
Array size: 10000000

Bucketing time: 0.279225
Bucket merging time: 0.084884
Sorting buckets time: 0.083800
Rewriting buckets back to array: 0.017849
Total time: 0.491946
Bucket count: 500000
Randoming time: 0.026185
Is sorted: yes
----------
Threads: 5
Array size: 10000000

Bucketing time: 0.258004
Bucket merging time: 0.076190
Sorting buckets time: 0.068386
Rewriting buckets back to array: 0.017580
Total time: 0.441470
Bucket count: 500000
Randoming time: 0.021307
Is sorted: yes
----------
Threads: 6
Array size: 10000000

Bucketing time: 0.215938
Bucket merging time: 0.071095
Sorting buckets time: 0.057319
Rewriting buckets back to array: 0.014175
Total time: 0.376520
Bucket count: 500000
Randoming time: 0.017989
Is sorted: yes
----------
Threads: 7
Array size: 10000000

Bucketing time: 0.208719
Bucket merging time: 0.071199
Sorting buckets time: 0.049273
Rewriting buckets back to array: 0.015547
Total time: 0.360103
Bucket count: 500000
Randoming time: 0.015360
Is sorted: yes
----------
Threads: 8
Array size: 10000000

Bucketing time: 0.189462
Bucket merging time: 0.072030
Sorting buckets time: 0.043068
Rewriting buckets back to array: 0.013378
Total time: 0.331880
Bucket count: 500000
Randoming time: 0.013938
Is sorted: yes
----------
Threads: 9
Array size: 10000000

Bucketing time: 0.190902
Bucket merging time: 0.074311
Sorting buckets time: 0.038384
Rewriting buckets back to array: 0.013201
Total time: 0.329113
Bucket count: 500000
Randoming time: 0.012312
Is sorted: yes
----------
Threads: 10
Array size: 10000000

Bucketing time: 0.174537
Bucket merging time: 0.076810
Sorting buckets time: 0.034402
Rewriting buckets back to array: 0.013716
Total time: 0.310656
Bucket count: 500000
Randoming time: 0.011177
Is sorted: yes
----------
Threads: 11
Array size: 10000000

Bucketing time: 0.177530
Bucket merging time: 0.080960
Sorting buckets time: 0.031417
Rewriting buckets back to array: 0.012046
Total time: 0.312292
Bucket count: 500000
Randoming time: 0.010335
Is sorted: yes
----------
Threads: 12
Array size: 10000000

Bucketing time: 0.173686
Bucket merging time: 0.081514
Sorting buckets time: 0.028831
Rewriting buckets back to array: 0.012408
Total time: 0.305893
Bucket count: 500000
Randoming time: 0.009450
Is sorted: yes
----------
Threads: 1
Array size: 10000000

Bucketing time: 0.870487
Bucket merging time: 0.224125
Sorting buckets time: 0.300235
Rewriting buckets back to array: 0.056946
Total time: 1.545616
Bucket count: 500000
Randoming time: 0.093819
Is sorted: yes
----------
Threads: 2
Array size: 10000000

Bucketing time: 0.458659
Bucket merging time: 0.129652
Sorting buckets time: 0.156932
Rewriting buckets back to array: 0.031267
Total time: 0.826118
Bucket count: 500000
Randoming time: 0.049605
Is sorted: yes
----------
Threads: 3
Array size: 10000000

Bucketing time: 0.353491
Bucket merging time: 0.098016
Sorting buckets time: 0.109162
Rewriting buckets back to array: 0.023263
Total time: 0.618377
Bucket count: 500000
Randoming time: 0.034441
Is sorted: yes
----------
Threads: 4
Array size: 10000000

Bucketing time: 0.287603
Bucket merging time: 0.086703
Sorting buckets time: 0.085861
Rewriting buckets back to array: 0.018124
Total time: 0.504968
Bucket count: 500000
Randoming time: 0.026673
Is sorted: yes
----------
Threads: 5
Array size: 10000000

Bucketing time: 0.260104
Bucket merging time: 0.076874
Sorting buckets time: 0.068580
Rewriting buckets back to array: 0.017139
Total time: 0.444092
Bucket count: 500000
Randoming time: 0.021391
Is sorted: yes
----------
Threads: 6
Array size: 10000000

Bucketing time: 0.216414
Bucket merging time: 0.070558
Sorting buckets time: 0.057270
Rewriting buckets back to array: 0.014166
Total time: 0.376134
Bucket count: 500000
Randoming time: 0.017722
Is sorted: yes
----------
Threads: 7
Array size: 10000000

Bucketing time: 0.207371
Bucket merging time: 0.070616
Sorting buckets time: 0.049116
Rewriting buckets back to array: 0.013811
Total time: 0.356418
Bucket count: 500000
Randoming time: 0.015501
Is sorted: yes
----------
Threads: 8
Array size: 10000000

Bucketing time: 0.187885
Bucket merging time: 0.072242
Sorting buckets time: 0.042872
Rewriting buckets back to array: 0.013506
Total time: 0.330150
Bucket count: 500000
Randoming time: 0.013641
Is sorted: yes
----------
Threads: 9
Array size: 10000000

Bucketing time: 0.192949
Bucket merging time: 0.075453
Sorting buckets time: 0.038117
Rewriting buckets back to array: 0.014485
Total time: 0.333236
Bucket count: 500000
Randoming time: 0.012229
Is sorted: yes
----------
Threads: 10
Array size: 10000000

Bucketing time: 0.173246
Bucket merging time: 0.077658
Sorting buckets time: 0.034397
Rewriting buckets back to array: 0.013176
Total time: 0.309621
Bucket count: 500000
Randoming time: 0.011140
Is sorted: yes
----------
Threads: 11
Array size: 10000000

Bucketing time: 0.171755
Bucket merging time: 0.080015
Sorting buckets time: 0.031382
Rewriting buckets back to array: 0.013220
Total time: 0.307039
Bucket count: 500000
Randoming time: 0.010663
Is sorted: yes
----------
Threads: 12
Array size: 10000000

Bucketing time: 0.170010
Bucket merging time: 0.084374
Sorting buckets time: 0.029001
Rewriting buckets back to array: 0.012016
Total time: 0.305147
Bucket count: 500000
Randoming time: 0.009742
Is sorted: yes
----------
Threads: 1
Array size: 10000000

Bucketing time: 0.851415
Bucket merging time: 0.221498
Sorting buckets time: 0.300279
Rewriting buckets back to array: 0.056712
Total time: 1.531818
Bucket count: 500000
Randoming time: 0.101911
Is sorted: yes
----------
Threads: 2
Array size: 10000000

Bucketing time: 0.455096
Bucket merging time: 0.122227
Sorting buckets time: 0.150611
Rewriting buckets back to array: 0.029931
Total time: 0.805060
Bucket count: 500000
Randoming time: 0.047192
Is sorted: yes
----------
Threads: 3
Array size: 10000000

Bucketing time: 0.351713
Bucket merging time: 0.096521
Sorting buckets time: 0.107517
Rewriting buckets back to array: 0.021442
Total time: 0.610287
Bucket count: 500000
Randoming time: 0.033090
Is sorted: yes
----------
Threads: 4
Array size: 10000000

Bucketing time: 0.284459
Bucket merging time: 0.085476
Sorting buckets time: 0.083413
Rewriting buckets back to array: 0.017036
Total time: 0.496444
Bucket count: 500000
Randoming time: 0.026055
Is sorted: yes
----------
Threads: 5
Array size: 10000000

Bucketing time: 0.257735
Bucket merging time: 0.077945
Sorting buckets time: 0.068575
Rewriting buckets back to array: 0.017137
Total time: 0.442876
Bucket count: 500000
Randoming time: 0.021480
Is sorted: yes
----------
Threads: 6
Array size: 10000000

Bucketing time: 0.218252
Bucket merging time: 0.071292
Sorting buckets time: 0.057149
Rewriting buckets back to array: 0.014417
Total time: 0.379067
Bucket count: 500000
Randoming time: 0.017953
Is sorted: yes
----------
Threads: 7
Array size: 10000000

Bucketing time: 0.213935
Bucket merging time: 0.071421
Sorting buckets time: 0.049116
Rewriting buckets back to array: 0.015749
Total time: 0.365710
Bucket count: 500000
Randoming time: 0.015487
Is sorted: yes
----------
Threads: 8
Array size: 10000000

Bucketing time: 0.188284
Bucket merging time: 0.072502
Sorting buckets time: 0.042932
Rewriting buckets back to array: 0.012492
Total time: 0.329880
Bucket count: 500000
Randoming time: 0.013666
Is sorted: yes
----------
Threads: 9
Array size: 10000000

Bucketing time: 0.189658
Bucket merging time: 0.075796
Sorting buckets time: 0.038228
Rewriting buckets back to array: 0.012628
Total time: 0.328773
Bucket count: 500000
Randoming time: 0.012460
Is sorted: yes
----------
Threads: 10
Array size: 10000000

Bucketing time: 0.174950
Bucket merging time: 0.076802
Sorting buckets time: 0.034393
Rewriting buckets back to array: 0.012595
Total time: 0.309806
Bucket count: 500000
Randoming time: 0.011063
Is sorted: yes
----------
Threads: 11
Array size: 10000000

Bucketing time: 0.177536
Bucket merging time: 0.080405
Sorting buckets time: 0.031418
Rewriting buckets back to array: 0.011360
Total time: 0.311128
Bucket count: 500000
Randoming time: 0.010405
Is sorted: yes
----------
Threads: 12
Array size: 10000000

Bucketing time: 0.172850
Bucket merging time: 0.081438
Sorting buckets time: 0.029118
Rewriting buckets back to array: 0.013185
Total time: 0.306340
Bucket count: 500000
Randoming time: 0.009744
Is sorted: yes
----------
Threads: 1
Array size: 10000000

Bucketing time: 0.870289
Bucket merging time: 0.223869
Sorting buckets time: 0.300525
Rewriting buckets back to array: 0.056914
Total time: 1.545490
Bucket count: 500000
Randoming time: 0.093889
Is sorted: yes
----------
Threads: 2
Array size: 10000000

Bucketing time: 0.448752
Bucket merging time: 0.121564
Sorting buckets time: 0.150521
Rewriting buckets back to array: 0.030010
Total time: 0.797725
Bucket count: 500000
Randoming time: 0.046875
Is sorted: yes
----------
Threads: 3
Array size: 10000000

Bucketing time: 0.348448
Bucket merging time: 0.096493
Sorting buckets time: 0.108215
Rewriting buckets back to array: 0.022515
Total time: 0.609610
Bucket count: 500000
Randoming time: 0.033935
Is sorted: yes
----------
Threads: 4
Array size: 10000000

Bucketing time: 0.282283
Bucket merging time: 0.084563
Sorting buckets time: 0.083455
Rewriting buckets back to array: 0.017971
Total time: 0.494706
Bucket count: 500000
Randoming time: 0.026430
Is sorted: yes
----------
Threads: 5
Array size: 10000000

Bucketing time: 0.263419
Bucket merging time: 0.077841
Sorting buckets time: 0.068359
Rewriting buckets back to array: 0.014500
Total time: 0.445477
Bucket count: 500000
Randoming time: 0.021354
Is sorted: yes
----------
Threads: 6
Array size: 10000000

Bucketing time: 0.216646
Bucket merging time: 0.070399
Sorting buckets time: 0.057205
Rewriting buckets back to array: 0.014002
Total time: 0.376175
Bucket count: 500000
Randoming time: 0.017919
Is sorted: yes
----------
Threads: 7
Array size: 10000000

Bucketing time: 0.208823
Bucket merging time: 0.071816
Sorting buckets time: 0.049303
Rewriting buckets back to array: 0.013540
Total time: 0.358833
Bucket count: 500000
Randoming time: 0.015348
Is sorted: yes
----------
Threads: 8
Array size: 10000000

Bucketing time: 0.187002
Bucket merging time: 0.071420
Sorting buckets time: 0.042762
Rewriting buckets back to array: 0.012907
Total time: 0.327765
Bucket count: 500000
Randoming time: 0.013671
Is sorted: yes
----------
Threads: 9
Array size: 10000000

Bucketing time: 0.189690
Bucket merging time: 0.076134
Sorting buckets time: 0.038187
Rewriting buckets back to array: 0.013672
Total time: 0.330006
Bucket count: 500000
Randoming time: 0.012309
Is sorted: yes
----------
Threads: 10
Array size: 10000000

Bucketing time: 0.173678
Bucket merging time: 0.076864
Sorting buckets time: 0.034383
Rewriting buckets back to array: 0.012533
Total time: 0.308481
Bucket count: 500000
Randoming time: 0.011018
Is sorted: yes
----------
Threads: 11
Array size: 10000000

Bucketing time: 0.175533
Bucket merging time: 0.079635
Sorting buckets time: 0.031397
Rewriting buckets back to array: 0.013864
Total time: 0.310923
Bucket count: 500000
Randoming time: 0.010490
Is sorted: yes
----------
Threads: 12
Array size: 10000000

Bucketing time: 0.169522
Bucket merging time: 0.081651
Sorting buckets time: 0.029033
Rewriting buckets back to array: 0.013075
Total time: 0.303088
Bucket count: 500000
Randoming time: 0.009804
Is sorted: yes
----------
Threads: 1
Array size: 10000000

Bucketing time: 0.850743
Bucket merging time: 0.221217
Sorting buckets time: 0.300159
Rewriting buckets back to array: 0.056636
Total time: 1.521560
Bucket count: 500000
Randoming time: 0.092800
Is sorted: yes
----------
Threads: 2
Array size: 10000000

Bucketing time: 0.459353
Bucket merging time: 0.126879
Sorting buckets time: 0.151319
Rewriting buckets back to array: 0.030107
Total time: 0.815184
Bucket count: 500000
Randoming time: 0.047523
Is sorted: yes
----------
Threads: 3
Array size: 10000000

Bucketing time: 0.349935
Bucket merging time: 0.096379
Sorting buckets time: 0.109120
Rewriting buckets back to array: 0.021708
Total time: 0.610590
Bucket count: 500000
Randoming time: 0.033443
Is sorted: yes
----------
Threads: 4
Array size: 10000000

Bucketing time: 0.280456
Bucket merging time: 0.085101
Sorting buckets time: 0.083202
Rewriting buckets back to array: 0.017505
Total time: 0.492640
Bucket count: 500000
Randoming time: 0.026372
Is sorted: yes
----------
Threads: 5
Array size: 10000000

Bucketing time: 0.259360
Bucket merging time: 0.078555
Sorting buckets time: 0.068459
Rewriting buckets back to array: 0.014721
Total time: 0.442382
Bucket count: 500000
Randoming time: 0.021282
Is sorted: yes
----------
Threads: 6
Array size: 10000000

Bucketing time: 0.218624
Bucket merging time: 0.069988
Sorting buckets time: 0.057220
Rewriting buckets back to array: 0.013919
Total time: 0.377795
Bucket count: 500000
Randoming time: 0.018041
Is sorted: yes
----------
Threads: 7
Array size: 10000000

Bucketing time: 0.215033
Bucket merging time: 0.071928
Sorting buckets time: 0.049329
Rewriting buckets back to array: 0.016234
Total time: 0.367941
Bucket count: 500000
Randoming time: 0.015414
Is sorted: yes
----------
Threads: 8
Array size: 10000000

Bucketing time: 0.186301
Bucket merging time: 0.071964
Sorting buckets time: 0.043076
Rewriting buckets back to array: 0.012863
Total time: 0.327832
Bucket count: 500000
Randoming time: 0.013624
Is sorted: yes
----------
Threads: 9
Array size: 10000000

Bucketing time: 0.189114
Bucket merging time: 0.075941
Sorting buckets time: 0.038115
Rewriting buckets back to array: 0.014631
Total time: 0.330316
Bucket count: 500000
Randoming time: 0.012512
Is sorted: yes
----------
Threads: 10
Array size: 10000000

Bucketing time: 0.173061
Bucket merging time: 0.076781
Sorting buckets time: 0.034380
Rewriting buckets back to array: 0.012809
Total time: 0.308349
Bucket count: 500000
Randoming time: 0.011315
Is sorted: yes
----------
Threads: 11
Array size: 10000000

Bucketing time: 0.177077
Bucket merging time: 0.080309
Sorting buckets time: 0.031401
Rewriting buckets back to array: 0.012003
Total time: 0.311028
Bucket count: 500000
Randoming time: 0.010235
Is sorted: yes
----------
Threads: 12
Array size: 10000000

Bucketing time: 0.172742
Bucket merging time: 0.081190
Sorting buckets time: 0.028938
Rewriting buckets back to array: 0.012843
Total time: 0.305164
Bucket count: 500000
Randoming time: 0.009447
Is sorted: yes
----------
Threads: 1
Array size: 10000000

Bucketing time: 0.869181
Bucket merging time: 0.224387
Sorting buckets time: 0.300306
Rewriting buckets back to array: 0.057120
Total time: 1.545121
Bucket count: 500000
Randoming time: 0.094122
Is sorted: yes
----------
Threads: 2
Array size: 10000000

Bucketing time: 0.449158
Bucket merging time: 0.122691
Sorting buckets time: 0.150953
Rewriting buckets back to array: 0.030100
Total time: 0.800105
Bucket count: 500000
Randoming time: 0.047198
Is sorted: yes
----------
Threads: 3
Array size: 10000000

Bucketing time: 0.348403
Bucket merging time: 0.096656
Sorting buckets time: 0.107909
Rewriting buckets back to array: 0.023095
Total time: 0.609825
Bucket count: 500000
Randoming time: 0.033758
Is sorted: yes
----------
Threads: 4
Array size: 10000000

Bucketing time: 0.282049
Bucket merging time: 0.085713
Sorting buckets time: 0.083007
Rewriting buckets back to array: 0.019887
Total time: 0.497004
Bucket count: 500000
Randoming time: 0.026344
Is sorted: yes
----------
Threads: 5
Array size: 10000000

Bucketing time: 0.263315
Bucket merging time: 0.077541
Sorting buckets time: 0.068299
Rewriting buckets back to array: 0.016095
Total time: 0.446606
Bucket count: 500000
Randoming time: 0.021353
Is sorted: yes
----------
Threads: 6
Array size: 10000000

Bucketing time: 0.219071
Bucket merging time: 0.070513
Sorting buckets time: 0.057416
Rewriting buckets back to array: 0.014030
Total time: 0.379420
Bucket count: 500000
Randoming time: 0.018386
Is sorted: yes
----------
Threads: 7
Array size: 10000000

Bucketing time: 0.215205
Bucket merging time: 0.070844
Sorting buckets time: 0.049234
Rewriting buckets back to array: 0.013205
Total time: 0.364043
Bucket count: 500000
Randoming time: 0.015552
Is sorted: yes
----------
Threads: 8
Array size: 10000000

Bucketing time: 0.187939
Bucket merging time: 0.070941
Sorting buckets time: 0.043074
Rewriting buckets back to array: 0.012292
Total time: 0.327907
Bucket count: 500000
Randoming time: 0.013657
Is sorted: yes
----------
Threads: 9
Array size: 10000000

Bucketing time: 0.192053
Bucket merging time: 0.073993
Sorting buckets time: 0.038338
Rewriting buckets back to array: 0.014414
Total time: 0.331083
Bucket count: 500000
Randoming time: 0.012282
Is sorted: yes
----------
Threads: 10
Array size: 10000000

Bucketing time: 0.173755
Bucket merging time: 0.076821
Sorting buckets time: 0.034379
Rewriting buckets back to array: 0.013139
Total time: 0.309302
Bucket count: 500000
Randoming time: 0.011204
Is sorted: yes
----------
Threads: 11
Array size: 10000000

Bucketing time: 0.174643
Bucket merging time: 0.081482
Sorting buckets time: 0.031438
Rewriting buckets back to array: 0.011930
Total time: 0.309897
Bucket count: 500000
Randoming time: 0.010401
Is sorted: yes
----------
Threads: 12
Array size: 10000000

Bucketing time: 0.169978
Bucket merging time: 0.081695
Sorting buckets time: 0.028852
Rewriting buckets back to array: 0.012514
Total time: 0.302658
Bucket count: 500000
Randoming time: 0.009615
Is sorted: yes
----------
Threads: 1
Array size: 10000000

Bucketing time: 0.856526
Bucket merging time: 0.221439
Sorting buckets time: 0.300605
Rewriting buckets back to array: 0.056854
Total time: 1.533404
Bucket count: 500000
Randoming time: 0.097976
Is sorted: yes
----------
Threads: 2
Array size: 10000000

Bucketing time: 0.458167
Bucket merging time: 0.123943
Sorting buckets time: 0.151112
Rewriting buckets back to array: 0.030238
Total time: 0.810710
Bucket count: 500000
Randoming time: 0.047247
Is sorted: yes
----------
Threads: 3
Array size: 10000000

Bucketing time: 0.349964
Bucket merging time: 0.096234
Sorting buckets time: 0.108504
Rewriting buckets back to array: 0.022461
Total time: 0.610613
Bucket count: 500000
Randoming time: 0.033446
Is sorted: yes
----------
Threads: 4
Array size: 10000000

Bucketing time: 0.284191
Bucket merging time: 0.085922
Sorting buckets time: 0.083963
Rewriting buckets back to array: 0.016968
Total time: 0.497336
Bucket count: 500000
Randoming time: 0.026287
Is sorted: yes
----------
Threads: 5
Array size: 10000000

Bucketing time: 0.259743
Bucket merging time: 0.077542
Sorting buckets time: 0.068381
Rewriting buckets back to array: 0.015247
Total time: 0.442187
Bucket count: 500000
Randoming time: 0.021270
Is sorted: yes
----------
Threads: 6
Array size: 10000000

Bucketing time: 0.219301
Bucket merging time: 0.070911
Sorting buckets time: 0.057396
Rewriting buckets back to array: 0.014006
Total time: 0.379380
Bucket count: 500000
Randoming time: 0.017763
Is sorted: yes
----------
Threads: 7
Array size: 10000000

Bucketing time: 0.213509
Bucket merging time: 0.072683
Sorting buckets time: 0.049138
Rewriting buckets back to array: 0.014625
Total time: 0.365624
Bucket count: 500000
Randoming time: 0.015665
Is sorted: yes
----------
Threads: 8
Array size: 10000000

Bucketing time: 0.187279
Bucket merging time: 0.071845
Sorting buckets time: 0.042855
Rewriting buckets back to array: 0.013207
Total time: 0.329009
Bucket count: 500000
Randoming time: 0.013817
Is sorted: yes
----------
Threads: 9
Array size: 10000000

Bucketing time: 0.196759
Bucket merging time: 0.076835
Sorting buckets time: 0.038214
Rewriting buckets back to array: 0.011973
Total time: 0.336216
Bucket count: 500000
Randoming time: 0.012431
Is sorted: yes
----------
Threads: 10
Array size: 10000000

Bucketing time: 0.173178
Bucket merging time: 0.076317
Sorting buckets time: 0.034603
Rewriting buckets back to array: 0.012821
Total time: 0.308041
Bucket count: 500000
Randoming time: 0.011117
Is sorted: yes
----------
Threads: 11
Array size: 10000000

Bucketing time: 0.174437
Bucket merging time: 0.079689
Sorting buckets time: 0.031414
Rewriting buckets back to array: 0.012918
Total time: 0.308768
Bucket count: 500000
Randoming time: 0.010307
Is sorted: yes
----------
Threads: 12
Array size: 10000000

Bucketing time: 0.169922
Bucket merging time: 0.081245
Sorting buckets time: 0.028823
Rewriting buckets back to array: 0.013747
Total time: 0.303510
Bucket count: 500000
Randoming time: 0.009769
Is sorted: yes
----------
Threads: 1
Array size: 10000000

Bucketing time: 0.852181
Bucket merging time: 0.228317
Sorting buckets time: 0.300023
Rewriting buckets back to array: 0.056864
Total time: 1.531009
Bucket count: 500000
Randoming time: 0.093620
Is sorted: yes
----------
Threads: 2
Array size: 10000000

Bucketing time: 0.456580
Bucket merging time: 0.123385
Sorting buckets time: 0.151254
Rewriting buckets back to array: 0.030295
Total time: 0.808955
Bucket count: 500000
Randoming time: 0.047439
Is sorted: yes
----------
Threads: 3
Array size: 10000000

Bucketing time: 0.352154
Bucket merging time: 0.097735
Sorting buckets time: 0.107696
Rewriting buckets back to array: 0.022149
Total time: 0.612994
Bucket count: 500000
Randoming time: 0.033256
Is sorted: yes
----------
Threads: 4
Array size: 10000000

Bucketing time: 0.282579
Bucket merging time: 0.084511
Sorting buckets time: 0.083823
Rewriting buckets back to array: 0.017608
Total time: 0.494884
Bucket count: 500000
Randoming time: 0.026359
Is sorted: yes
----------
Threads: 5
Array size: 10000000

Bucketing time: 0.259183
Bucket merging time: 0.077707
Sorting buckets time: 0.068551
Rewriting buckets back to array: 0.016475
Total time: 0.443292
Bucket count: 500000
Randoming time: 0.021373
Is sorted: yes
----------
Threads: 6
Array size: 10000000

Bucketing time: 0.216838
Bucket merging time: 0.072200
Sorting buckets time: 0.057449
Rewriting buckets back to array: 0.014102
Total time: 0.378542
Bucket count: 500000
Randoming time: 0.017950
Is sorted: yes
----------
Threads: 7
Array size: 10000000

Bucketing time: 0.210956
Bucket merging time: 0.071425
Sorting buckets time: 0.049086
Rewriting buckets back to array: 0.012731
Total time: 0.359747
Bucket count: 500000
Randoming time: 0.015545
Is sorted: yes
----------
Threads: 8
Array size: 10000000

Bucketing time: 0.187200
Bucket merging time: 0.071781
Sorting buckets time: 0.042888
Rewriting buckets back to array: 0.012564
Total time: 0.328362
Bucket count: 500000
Randoming time: 0.013925
Is sorted: yes
----------
Threads: 9
Array size: 10000000

Bucketing time: 0.189685
Bucket merging time: 0.073690
Sorting buckets time: 0.038232
Rewriting buckets back to array: 0.015165
Total time: 0.329089
Bucket count: 500000
Randoming time: 0.012303
Is sorted: yes
----------
Threads: 10
Array size: 10000000

Bucketing time: 0.176081
Bucket merging time: 0.076924
Sorting buckets time: 0.034641
Rewriting buckets back to array: 0.012468
Total time: 0.311254
Bucket count: 500000
Randoming time: 0.011135
Is sorted: yes
----------
Threads: 11
Array size: 10000000

Bucketing time: 0.178334
Bucket merging time: 0.079786
Sorting buckets time: 0.031444
Rewriting buckets back to array: 0.013604
Total time: 0.313350
Bucket count: 500000
Randoming time: 0.010178
Is sorted: yes
----------
Threads: 12
Array size: 10000000

Bucketing time: 0.173021
Bucket merging time: 0.081121
Sorting buckets time: 0.028821
Rewriting buckets back to array: 0.012399
Total time: 0.305029
Bucket count: 500000
Randoming time: 0.009663
Is sorted: yes
----------
Threads: 1
Array size: 10000000

Bucketing time: 0.871288
Bucket merging time: 0.225374
Sorting buckets time: 0.300887
Rewriting buckets back to array: 0.057335
Total time: 1.547938
Bucket count: 500000
Randoming time: 0.093049
Is sorted: yes
----------
Threads: 2
Array size: 10000000

Bucketing time: 0.452062
Bucket merging time: 0.121785
Sorting buckets time: 0.152477
Rewriting buckets back to array: 0.030569
Total time: 0.804470
Bucket count: 500000
Randoming time: 0.047574
Is sorted: yes
----------
Threads: 3
Array size: 10000000

Bucketing time: 0.351365
Bucket merging time: 0.096554
Sorting buckets time: 0.108018
Rewriting buckets back to array: 0.021971
Total time: 0.611562
Bucket count: 500000
Randoming time: 0.033649
Is sorted: yes
----------
Threads: 4
Array size: 10000000

Bucketing time: 0.284756
Bucket merging time: 0.085068
Sorting buckets time: 0.084250
Rewriting buckets back to array: 0.017447
Total time: 0.498018
Bucket count: 500000
Randoming time: 0.026494
Is sorted: yes
----------
Threads: 5
Array size: 10000000

Bucketing time: 0.262494
Bucket merging time: 0.077557
Sorting buckets time: 0.068448
Rewriting buckets back to array: 0.015151
Total time: 0.445094
Bucket count: 500000
Randoming time: 0.021439
Is sorted: yes
----------
Threads: 6
Array size: 10000000

Bucketing time: 0.216474
Bucket merging time: 0.071260
Sorting buckets time: 0.057280
Rewriting buckets back to array: 0.014477
Total time: 0.377479
Bucket count: 500000
Randoming time: 0.017985
Is sorted: yes
----------
Threads: 7
Array size: 10000000

Bucketing time: 0.210758
Bucket merging time: 0.070418
Sorting buckets time: 0.049080
Rewriting buckets back to array: 0.015024
Total time: 0.360688
Bucket count: 500000
Randoming time: 0.015404
Is sorted: yes
----------
Threads: 8
Array size: 10000000

Bucketing time: 0.188961
Bucket merging time: 0.071856
Sorting buckets time: 0.042860
Rewriting buckets back to array: 0.012879
Total time: 0.330224
Bucket count: 500000
Randoming time: 0.013665
Is sorted: yes
----------
Threads: 9
Array size: 10000000

Bucketing time: 0.193384
Bucket merging time: 0.075655
Sorting buckets time: 0.038092
Rewriting buckets back to array: 0.013662
Total time: 0.333275
Bucket count: 500000
Randoming time: 0.012478
Is sorted: yes
----------
Threads: 10
Array size: 10000000

Bucketing time: 0.174958
Bucket merging time: 0.078227
Sorting buckets time: 0.034428
Rewriting buckets back to array: 0.011563
Total time: 0.310911
Bucket count: 500000
Randoming time: 0.011731
Is sorted: yes
----------
Threads: 11
Array size: 10000000

Bucketing time: 0.176884
Bucket merging time: 0.080012
Sorting buckets time: 0.031437
Rewriting buckets back to array: 0.011477
Total time: 0.310509
Bucket count: 500000
Randoming time: 0.010695
Is sorted: yes
----------
Threads: 12
Array size: 10000000

Bucketing time: 0.172901
Bucket merging time: 0.081098
Sorting buckets time: 0.029047
Rewriting buckets back to array: 0.012127
Total time: 0.304764
Bucket count: 500000
Randoming time: 0.009587
Is sorted: yes
----------
Threads: 1
Array size: 10000000

Bucketing time: 0.869997
Bucket merging time: 0.223762
Sorting buckets time: 0.300536
Rewriting buckets back to array: 0.057104
Total time: 1.565596
Bucket count: 500000
Randoming time: 0.114193
Is sorted: yes
----------
Threads: 2
Array size: 10000000

Bucketing time: 0.451298
Bucket merging time: 0.124800
Sorting buckets time: 0.152609
Rewriting buckets back to array: 0.030151
Total time: 0.806346
Bucket count: 500000
Randoming time: 0.047486
Is sorted: yes
----------
Threads: 3
Array size: 10000000

Bucketing time: 0.349244
Bucket merging time: 0.096297
Sorting buckets time: 0.107723
Rewriting buckets back to array: 0.024661
Total time: 0.611812
Bucket count: 500000
Randoming time: 0.033883
Is sorted: yes
----------
Threads: 4
Array size: 10000000

Bucketing time: 0.284240
Bucket merging time: 0.085133
Sorting buckets time: 0.084846
Rewriting buckets back to array: 0.017613
Total time: 0.498364
Bucket count: 500000
Randoming time: 0.026526
Is sorted: yes
----------
Threads: 5
Array size: 10000000

Bucketing time: 0.258098
Bucket merging time: 0.078694
Sorting buckets time: 0.068423
Rewriting buckets back to array: 0.016899
Total time: 0.443437
Bucket count: 500000
Randoming time: 0.021310
Is sorted: yes
----------
Threads: 6
Array size: 10000000

Bucketing time: 0.216038
Bucket merging time: 0.071209
Sorting buckets time: 0.057431
Rewriting buckets back to array: 0.014467
Total time: 0.377015
Bucket count: 500000
Randoming time: 0.017866
Is sorted: yes
----------
Threads: 7
Array size: 10000000

Bucketing time: 0.209017
Bucket merging time: 0.070925
Sorting buckets time: 0.049268
Rewriting buckets back to array: 0.015590
Total time: 0.362923
Bucket count: 500000
Randoming time: 0.018120
Is sorted: yes
----------
Threads: 8
Array size: 10000000

Bucketing time: 0.189827
Bucket merging time: 0.070974
Sorting buckets time: 0.043055
Rewriting buckets back to array: 0.012120
Total time: 0.329728
Bucket count: 500000
Randoming time: 0.013748
Is sorted: yes
----------
Threads: 9
Array size: 10000000

Bucketing time: 0.193471
Bucket merging time: 0.074269
Sorting buckets time: 0.038376
Rewriting buckets back to array: 0.014599
Total time: 0.333111
Bucket count: 500000
Randoming time: 0.012393
Is sorted: yes
----------
Threads: 10
Array size: 10000000

Bucketing time: 0.175092
Bucket merging time: 0.077857
Sorting buckets time: 0.034399
Rewriting buckets back to array: 0.012594
Total time: 0.311253
Bucket count: 500000
Randoming time: 0.011306
Is sorted: yes
----------
Threads: 11
Array size: 10000000

Bucketing time: 0.181323
Bucket merging time: 0.082403
Sorting buckets time: 0.031398
Rewriting buckets back to array: 0.013554
Total time: 0.319199
Bucket count: 500000
Randoming time: 0.010518
Is sorted: yes
----------
Threads: 12
Array size: 10000000

Bucketing time: 0.173408
Bucket merging time: 0.081550
Sorting buckets time: 0.028866
Rewriting buckets back to array: 0.012020
Total time: 0.305462
Bucket count: 500000
Randoming time: 0.009615
Is sorted: yes
----------
Threads: 1
Array size: 10000000

Bucketing time: 0.871269
Bucket merging time: 0.224845
Sorting buckets time: 0.300821
Rewriting buckets back to array: 0.057224
Total time: 1.547410
Bucket count: 500000
Randoming time: 0.093245
Is sorted: yes
----------
Threads: 2
Array size: 10000000

Bucketing time: 0.452104
Bucket merging time: 0.123005
Sorting buckets time: 0.151647
Rewriting buckets back to array: 0.030423
Total time: 0.805208
Bucket count: 500000
Randoming time: 0.048026
Is sorted: yes
----------
Threads: 3
Array size: 10000000

Bucketing time: 0.351465
Bucket merging time: 0.096800
Sorting buckets time: 0.107986
Rewriting buckets back to array: 0.022889
Total time: 0.613374
Bucket count: 500000
Randoming time: 0.034230
Is sorted: yes
----------
Threads: 4
Array size: 10000000

Bucketing time: 0.283686
Bucket merging time: 0.086492
Sorting buckets time: 0.083727
Rewriting buckets back to array: 0.017973
Total time: 0.498042
Bucket count: 500000
Randoming time: 0.026159
Is sorted: yes
----------
Threads: 5
Array size: 10000000

Bucketing time: 0.263482
Bucket merging time: 0.076951
Sorting buckets time: 0.068435
Rewriting buckets back to array: 0.015095
Total time: 0.445462
Bucket count: 500000
Randoming time: 0.021484
Is sorted: yes
----------
Threads: 6
Array size: 10000000

Bucketing time: 0.216740
Bucket merging time: 0.071879
Sorting buckets time: 0.057201
Rewriting buckets back to array: 0.014195
Total time: 0.378094
Bucket count: 500000
Randoming time: 0.018075
Is sorted: yes
----------
Threads: 7
Array size: 10000000

Bucketing time: 0.209356
Bucket merging time: 0.070607
Sorting buckets time: 0.049020
Rewriting buckets back to array: 0.016030
Total time: 0.360797
Bucket count: 500000
Randoming time: 0.015779
Is sorted: yes
----------
Threads: 8
Array size: 10000000

Bucketing time: 0.189233
Bucket merging time: 0.073048
Sorting buckets time: 0.043106
Rewriting buckets back to array: 0.012497
Total time: 0.331715
Bucket count: 500000
Randoming time: 0.013827
Is sorted: yes
----------
Threads: 9
Array size: 10000000

Bucketing time: 0.191057
Bucket merging time: 0.075889
Sorting buckets time: 0.038115
Rewriting buckets back to array: 0.011891
Total time: 0.329307
Bucket count: 500000
Randoming time: 0.012353
Is sorted: yes
----------
Threads: 10
Array size: 10000000

Bucketing time: 0.176385
Bucket merging time: 0.077157
Sorting buckets time: 0.034367
Rewriting buckets back to array: 0.012495
Total time: 0.311758
Bucket count: 500000
Randoming time: 0.011351
Is sorted: yes
----------
Threads: 11
Array size: 10000000

Bucketing time: 0.179335
Bucket merging time: 0.080570
Sorting buckets time: 0.031664
Rewriting buckets back to array: 0.012484
Total time: 0.314355
Bucket count: 500000
Randoming time: 0.010298
Is sorted: yes
----------
Threads: 12
Array size: 10000000

Bucketing time: 0.173238
Bucket merging time: 0.081721
Sorting buckets time: 0.029023
Rewriting buckets back to array: 0.012112
Total time: 0.305629
Bucket count: 500000
Randoming time: 0.009533
Is sorted: yes
----------
Threads: 1
Array size: 10000000

Bucketing time: 0.876003
Bucket merging time: 0.227629
Sorting buckets time: 0.303040
Rewriting buckets back to array: 0.057643
Total time: 1.558988
Bucket count: 500000
Randoming time: 0.094664
Is sorted: yes
----------
Threads: 2
Array size: 10000000

Bucketing time: 0.464447
Bucket merging time: 0.127871
Sorting buckets time: 0.159091
Rewriting buckets back to array: 0.031526
Total time: 0.831870
Bucket count: 500000
Randoming time: 0.048931
Is sorted: yes
----------
Threads: 3
Array size: 10000000

Bucketing time: 0.357905
Bucket merging time: 0.098416
Sorting buckets time: 0.108572
Rewriting buckets back to array: 0.022515
Total time: 0.622426
Bucket count: 500000
Randoming time: 0.035013
Is sorted: yes
----------
Threads: 4
Array size: 10000000

Bucketing time: 0.285581
Bucket merging time: 0.087016
Sorting buckets time: 0.083477
Rewriting buckets back to array: 0.017856
Total time: 0.500420
Bucket count: 500000
Randoming time: 0.026486
Is sorted: yes
----------
Threads: 5
Array size: 10000000

Bucketing time: 0.264632
Bucket merging time: 0.078669
Sorting buckets time: 0.068517
Rewriting buckets back to array: 0.016141
Total time: 0.449877
Bucket count: 500000
Randoming time: 0.021914
Is sorted: yes
----------
Threads: 6
Array size: 10000000

Bucketing time: 0.219888
Bucket merging time: 0.071272
Sorting buckets time: 0.057420
Rewriting buckets back to array: 0.014669
Total time: 0.381167
Bucket count: 500000
Randoming time: 0.017915
Is sorted: yes
----------
Threads: 7
Array size: 10000000

Bucketing time: 0.214843
Bucket merging time: 0.070676
Sorting buckets time: 0.049147
Rewriting buckets back to array: 0.014442
Total time: 0.364597
Bucket count: 500000
Randoming time: 0.015485
Is sorted: yes
----------
Threads: 8
Array size: 10000000

Bucketing time: 0.187948
Bucket merging time: 0.071298
Sorting buckets time: 0.042878
Rewriting buckets back to array: 0.012715
Total time: 0.328395
Bucket count: 500000
Randoming time: 0.013552
Is sorted: yes
----------
Threads: 9
Array size: 10000000

Bucketing time: 0.189062
Bucket merging time: 0.074317
Sorting buckets time: 0.038067
Rewriting buckets back to array: 0.013749
Total time: 0.327588
Bucket count: 500000
Randoming time: 0.012388
Is sorted: yes
----------
Threads: 10
Array size: 10000000

Bucketing time: 0.175224
Bucket merging time: 0.077111
Sorting buckets time: 0.034620
Rewriting buckets back to array: 0.012956
Total time: 0.311048
Bucket count: 500000
Randoming time: 0.011133
Is sorted: yes
----------
Threads: 11
Array size: 10000000

Bucketing time: 0.180084
Bucket merging time: 0.081006
Sorting buckets time: 0.031628
Rewriting buckets back to array: 0.012287
Total time: 0.315325
Bucket count: 500000
Randoming time: 0.010316
Is sorted: yes
----------
Threads: 12
Array size: 10000000

Bucketing time: 0.173661
Bucket merging time: 0.081164
Sorting buckets time: 0.028869
Rewriting buckets back to array: 0.012427
Total time: 0.305690
Bucket count: 500000
Randoming time: 0.009565
Is sorted: yes
----------
