/var/spool/slurmd/job20710279/slurm_script: line 11: ./bucket.out: No such file or directory
/var/spool/slurmd/job20710279/slurm_script: line 11: ./bucket.out: Permission denied
/var/spool/slurmd/job20710279/slurm_script: line 11: ./bucket.out: Permission denied
/var/spool/slurmd/job20710279/slurm_script: line 11: ./bucket.out: Permission denied
/var/spool/slurmd/job20710279/slurm_script: line 11: ./bucket.out: Permission denied
/var/spool/slurmd/job20710279/slurm_script: line 11: ./bucket.out: Permission denied
/var/spool/slurmd/job20710279/slurm_script: line 11: ./bucket.out: Permission denied
/var/spool/slurmd/job20710279/slurm_script: line 11: ./bucket.out: Permission denied
/var/spool/slurmd/job20710279/slurm_script: line 11: ./bucket.out: Permission denied
/var/spool/slurmd/job20710279/slurm_script: line 11: ./bucket.out: Permission denied
/var/spool/slurmd/job20710279/slurm_script: line 11: ./bucket.out: Permission denied
Threads: 12
Array size: 10000000

Bucket allocation time: 0.006399
Bucketing time: 0.170797
Bucket merging time: 0.055739
Sorting buckets time: 0.044531
Rewriting buckets back to array: 0.010101
Total time: 0.298108
Bucket count: 250000
Randoming time: 0.010536
Is sorted: yes
----------
