 plgrid/tools/binutils/2.34 loaded.
 plgrid/tools/gcc/9.3.0 loaded.
 plgrid/tools/intel/2021.3.0 loaded.
 plgrid/apps/cuda/11.2 loaded.
 plgrid/libs/gdrcopy/2.2-cuda-11.2 loaded.
 plgrid/libs/ucx/1.10.0-cuda-11.2 loaded.
 plgrid/tools/openmpi/4.1.2-intel-2021.3.0 loaded.
Point count: 20000000
Processor count: 1
Total time: 0.667408
Total in circle: 15707816
PI value: 3.141563
Point count: 20000000
Processor count: 2
Total time: 0.329691
Total in circle: 15707338
PI value: 3.141468
Point count: 20000000
Processor count: 3
Total time: 0.233533
Total in circle: 15708854
PI value: 3.141771
Point count: 20000000
Processor count: 4
Total time: 0.181418
Total in circle: 15709758
PI value: 3.141952
Point count: 20000000
Processor count: 5
Total time: 0.149838
Total in circle: 15708475
PI value: 3.141695
Point count: 20000000
Processor count: 6
Total time: 0.125442
Total in circle: 15706816
PI value: 3.141363
Point count: 20000000
Processor count: 7
Total time: 0.108238
Total in circle: 15706023
PI value: 3.141205
Point count: 20000000
Processor count: 8
Total time: 0.093837
Total in circle: 15705392
PI value: 3.141078
Point count: 20000000
Processor count: 9
Total time: 0.092223
Total in circle: 15705912
PI value: 3.141182
Point count: 20000000
Processor count: 10
Total time: 0.074790
Total in circle: 15705955
PI value: 3.141191
Point count: 20000000
Processor count: 11
Total time: 0.068443
Total in circle: 15705135
PI value: 3.141027
Point count: 20000000
Processor count: 12
Total time: 0.062452
Total in circle: 15705173
PI value: 3.141035
Point count: 317000000
Processor count: 1
Total time: 10.392690
Total in circle: 248968155
PI value: 3.141554
Point count: 317000000
Processor count: 2
Total time: 5.206165
Total in circle: 248967599
PI value: 3.141547
Point count: 317000000
Processor count: 3
Total time: 3.695135
Total in circle: 248971075
PI value: 3.141591
Point count: 317000000
Processor count: 4
Total time: 2.874361
Total in circle: 248970308
PI value: 3.141581
Point count: 317000000
Processor count: 5
Total time: 2.364724
Total in circle: 248962540
PI value: 3.141483
Point count: 317000000
Processor count: 6
Total time: 1.972012
Total in circle: 248962234
PI value: 3.141479
Point count: 317000000
Processor count: 7
Total time: 1.690021
Total in circle: 248964050
PI value: 3.141502
Point count: 317000000
Processor count: 8
Total time: 1.484349
Total in circle: 248961643
PI value: 3.141472
Point count: 317000000
Processor count: 9
Total time: 1.314920
Total in circle: 248959624
PI value: 3.141446
Point count: 317000000
Processor count: 10
Total time: 1.308726
Total in circle: 248958440
PI value: 3.141431
Point count: 317000000
Processor count: 11
Total time: 1.075613
Total in circle: 248955286
PI value: 3.141392
Point count: 317000000
Processor count: 12
Total time: 1.090355
Total in circle: 248951226
PI value: 3.141340
Point count: 20000000000
Processor count: 1
Total time: 656.667785
Total in circle: 15708013708
PI value: 3.141603
Point count: 20000000000
Processor count: 2
Total time: 329.622185
Total in circle: 15707947382
PI value: 3.141589
Point count: 20000000000
Processor count: 3
Total time: 233.521499
Total in circle: 15707987680
PI value: 3.141598
Point count: 20000000000
Processor count: 4
Total time: 180.949414
Total in circle: 15708012034
PI value: 3.141602
Point count: 20000000000
Processor count: 5
Total time: 149.168539
Total in circle: 15708033984
PI value: 3.141607
Point count: 20000000000
Processor count: 6
Total time: 124.337564
Total in circle: 15708011972
PI value: 3.141602
Point count: 20000000000
Processor count: 7
Total time: 117.897886
Total in circle: 15708010252
PI value: 3.141602
Point count: 20000000000
Processor count: 8
Total time: 103.253483
Total in circle: 15708039421
PI value: 3.141608
Point count: 20000000000
Processor count: 9
Total time: 82.973858
Total in circle: 15707993005
PI value: 3.141599
Point count: 20000000000
Processor count: 10
Total time: 74.652735
Total in circle: 15708013812
PI value: 3.141603
Point count: 20000000000
Processor count: 11
Total time: 75.046607
Total in circle: 15707957969
PI value: 3.141592
Point count: 20000000000
Processor count: 12
Total time: 62.364052
Total in circle: 15707947056
PI value: 3.141589
