 plgrid/tools/binutils/2.34 loaded.
 plgrid/tools/gcc/9.3.0 loaded.
 plgrid/tools/intel/2021.3.0 loaded.
 plgrid/apps/cuda/11.2 loaded.
 plgrid/libs/gdrcopy/2.2-cuda-11.2 loaded.
 plgrid/libs/ucx/1.10.0-cuda-11.2 loaded.
 plgrid/tools/openmpi/4.1.2-intel-2021.3.0 loaded.
Point count: 20000000
Processor count: 1
Total time: 0.656569
Total in circle: 15707816
PI value: 3.141563
Point count: 20000000
Processor count: 2
Total time: 0.335155
Total in circle: 15707338
PI value: 3.141468
Point count: 20000000
Processor count: 3
Total time: 0.240489
Total in circle: 15708854
PI value: 3.141771
Point count: 20000000
Processor count: 4
Total time: 0.186796
Total in circle: 15709758
PI value: 3.141952
Point count: 20000000
Processor count: 5
Total time: 0.151424
Total in circle: 15708475
PI value: 3.141695
Point count: 20000000
Processor count: 6
Total time: 0.125743
Total in circle: 15706816
PI value: 3.141363
Point count: 20000000
Processor count: 7
Total time: 0.109978
Total in circle: 15706023
PI value: 3.141205
Point count: 20000000
Processor count: 8
Total time: 0.093843
Total in circle: 15705392
PI value: 3.141078
Point count: 20000000
Processor count: 9
Total time: 0.092234
Total in circle: 15705912
PI value: 3.141182
Point count: 20000000
Processor count: 10
Total time: 0.082235
Total in circle: 15705955
PI value: 3.141191
Point count: 20000000
Processor count: 11
Total time: 0.075179
Total in circle: 15705135
PI value: 3.141027
Point count: 20000000
Processor count: 12
Total time: 0.062446
Total in circle: 15705173
PI value: 3.141035
Point count: 317000000
Processor count: 1
Total time: 10.442009
Total in circle: 248968155
PI value: 3.141554
Point count: 317000000
Processor count: 2
Total time: 5.217447
Total in circle: 248967599
PI value: 3.141547
Point count: 317000000
Processor count: 3
Total time: 3.702215
Total in circle: 248971075
PI value: 3.141591
Point count: 317000000
Processor count: 4
Total time: 2.870990
Total in circle: 248970308
PI value: 3.141581
Point count: 317000000
Processor count: 5
Total time: 2.366004
Total in circle: 248962540
PI value: 3.141483
Point count: 317000000
Processor count: 6
Total time: 1.976250
Total in circle: 248962234
PI value: 3.141479
Point count: 317000000
Processor count: 7
Total time: 1.869632
Total in circle: 248964050
PI value: 3.141502
Point count: 317000000
Processor count: 8
Total time: 1.480394
Total in circle: 248961643
PI value: 3.141472
Point count: 317000000
Processor count: 9
Total time: 1.315919
Total in circle: 248959624
PI value: 3.141446
Point count: 317000000
Processor count: 10
Total time: 1.184861
Total in circle: 248958440
PI value: 3.141431
Point count: 317000000
Processor count: 11
Total time: 1.077990
Total in circle: 248955286
PI value: 3.141392
Point count: 317000000
Processor count: 12
Total time: 0.988654
Total in circle: 248951226
PI value: 3.141340
Point count: 20000000000
Processor count: 1
Total time: 656.435583
Total in circle: 15708013708
PI value: 3.141603
Point count: 20000000000
Processor count: 2
Total time: 329.586753
Total in circle: 15707947382
PI value: 3.141589
Point count: 20000000000
Processor count: 3
Total time: 233.624001
Total in circle: 15707987680
PI value: 3.141598
Point count: 20000000000
Processor count: 4
Total time: 200.072203
Total in circle: 15708012034
PI value: 3.141602
Point count: 20000000000
Processor count: 5
Total time: 149.146009
Total in circle: 15708033984
PI value: 3.141607
Point count: 20000000000
Processor count: 6
Total time: 124.301355
Total in circle: 15708011972
PI value: 3.141602
Point count: 20000000000
Processor count: 7
Total time: 106.670442
Total in circle: 15708010252
PI value: 3.141602
Point count: 20000000000
Processor count: 8
Total time: 93.327197
Total in circle: 15708039421
PI value: 3.141608
Point count: 20000000000
Processor count: 9
Total time: 82.975086
Total in circle: 15707993005
PI value: 3.141599
Point count: 20000000000
Processor count: 10
Total time: 74.686441
Total in circle: 15708013812
PI value: 3.141603
Point count: 20000000000
Processor count: 11
Total time: 75.061164
Total in circle: 15707957969
PI value: 3.141592
Point count: 20000000000
Processor count: 12
Total time: 62.339482
Total in circle: 15707947056
PI value: 3.141589
